<?xml version="1.0" encoding="UTF-8"?>
<!-- Generated by org.testng.reporters.JUnitReportReporter -->
<testsuite hostname="GUNASEKAR-PC" name="runner.TestRunner" tests="1" failures="0" timestamp="22 Jun 2018 13:14:07 GMT" time="2.307" errors="0">
  <testcase name="testParallel" time="2.307" classname="runner.TestRunner"/>
</testsuite> <!-- runner.TestRunner -->
